<?xml version="1.0" encoding="UTF-8"?>
<!-- Generated by org.testng.reporters.JUnitReportReporter -->
<testsuite skipped="0" hostname="Kumarsathish-PC" name="registrationDesk.RegisterPatient" tests="2" failures="0" timestamp="2020-01-07T11:55:45 IST" time="27.973" errors="0">
  <testcase name="registerNewPatient" time="14.743" classname="registrationDesk.RegisterPatient"/>
  <testcase name="SearchPatient" time="13.230" classname="registrationDesk.RegisterPatient"/>
</testsuite> <!-- registrationDesk.RegisterPatient -->
