<?xml version="1.0" encoding="UTF-8"?>
<!-- Generated by org.testng.reporters.JUnitReportReporter -->
<testsuite skipped="0" hostname="Kumarsathish-PC" name="customers.Customer" tests="3" failures="0" timestamp="2020-01-12T22:12:02 IST" time="118.111" errors="0">
  <testcase name="newCustomer" time="36.501" classname="customers.Customer"/>
  <testcase name="newCustomer" time="35.855" classname="customers.Customer"/>
  <testcase name="newCustomer" time="45.755" classname="customers.Customer"/>
</testsuite> <!-- customers.Customer -->
