<?xml version="1.0" encoding="UTF-8"?>
<!-- Generated by org.testng.reporters.JUnitReportReporter -->
<testsuite skipped="0" hostname="Kumarsathish-PC" name="utilities.DataParameter" tests="1" failures="0" timestamp="2020-01-12T19:46:46 IST" time="0.046" errors="0">
  <testcase name="newCustomer" time="0.046" classname="utilities.DataParameter"/>
</testsuite> <!-- utilities.DataParameter -->
