<?xml version="1.0" encoding="UTF-8"?>
<!-- Generated by org.testng.reporters.JUnitReportReporter -->
<testsuite skipped="0" hostname="Kumarsathish-PC" name="utilities.DataParameter" tests="3" failures="0" timestamp="2020-01-11T01:38:29 IST" time="0.025" errors="0">
  <testcase name="testData" time="0.000" classname="utilities.DataParameter"/>
  <testcase name="testData" time="0.005" classname="utilities.DataParameter"/>
  <testcase name="testData" time="0.020" classname="utilities.DataParameter"/>
</testsuite> <!-- utilities.DataParameter -->
