<?xml version="1.0" encoding="UTF-8"?>
<!-- Generated by org.testng.reporters.JUnitReportReporter -->
<testsuite skipped="0" hostname="Kumarsathish-PC" name="registrationDesk.RegisterPatient" tests="2" failures="0" timestamp="2020-01-02T10:37:00 IST" time="6.567" errors="0">
  <testcase name="registerNewPatient1" time="0.910" classname="registrationDesk.RegisterPatient"/>
  <testcase name="registerNewPatient" time="5.657" classname="registrationDesk.RegisterPatient"/>
</testsuite> <!-- registrationDesk.RegisterPatient -->
