<?xml version="1.0" encoding="UTF-8"?>
<!-- Generated by org.testng.reporters.JUnitReportReporter -->
<testsuite skipped="0" hostname="Kumarsathish-PC" name="registrationDesk.RegisterPatient" tests="2" failures="0" timestamp="2020-01-06T23:51:19 IST" time="31.876" errors="0">
  <testcase name="registerNewPatient" time="19.747" classname="registrationDesk.RegisterPatient"/>
  <testcase name="SearchPatient" time="12.129" classname="registrationDesk.RegisterPatient"/>
</testsuite> <!-- registrationDesk.RegisterPatient -->
