<?xml version="1.0" encoding="UTF-8"?>
<!-- Generated by org.testng.reporters.JUnitReportReporter -->
<testsuite skipped="0" hostname="Kumarsathish-PC" name="registrationDesk.RegisterPatient" tests="1" failures="0" timestamp="2020-01-11T19:33:34 IST" time="71.288" errors="0">
  <testcase name="registerNewPatient" time="71.288" classname="registrationDesk.RegisterPatient"/>
</testsuite> <!-- registrationDesk.RegisterPatient -->
