<?xml version="1.0" encoding="UTF-8"?>
<!-- Generated by org.testng.reporters.JUnitReportReporter -->
<testsuite skipped="0" hostname="Kumarsathish-PC" name="registrationDesk.RegisterPatient" tests="2" failures="0" timestamp="2020-01-06T09:03:48 IST" time="0.039" errors="0">
  <testcase name="SearchPatient" time="0.035" classname="registrationDesk.RegisterPatient"/>
  <testcase name="registerNewPatient" time="0.004" classname="registrationDesk.RegisterPatient"/>
</testsuite> <!-- registrationDesk.RegisterPatient -->
